<?xml version="1.0" encoding="UTF-8"?>
<Site BuildName="Darwin-c++"
	BuildStamp="20211015-2329-Experimental"
	Name="pc-140-116.customer.ask4.lan"
	Generator="ctest-3.21.2"
	CompilerName="/Library/Developer/CommandLineTools/usr/bin/c++"
	CompilerVersion="12.0.0.12000032"
	OSName="Mac OS X"
	Hostname="pc-140-116.customer.ask4.lan"
	OSRelease="10.15.7"
	OSVersion="19H1419"
	OSPlatform="x86_64"
	Is64Bits="1"
	VendorString="GenuineIntel"
	VendorID="Intel Corporation"
	FamilyID="6"
	ModelID="158"
	ProcessorCacheSize="32768"
	NumberOfLogicalCPU="16"
	NumberOfPhysicalCPU="8"
	TotalVirtualMemory="3072"
	TotalPhysicalMemory="16384"
	LogicalProcessorsPerPhysical="8"
	ProcessorClockFrequency="2300"
	>
	<Testing>
		<StartDateTime>Oct 16 00:29 IST</StartDateTime>
		<StartTestTime>1634340582</StartTestTime>
		<TestList/>
		<EndDateTime>Oct 16 00:29 IST</EndDateTime>
		<EndTestTime>1634340582</EndTestTime>
		<ElapsedMinutes>0</ElapsedMinutes>
	</Testing>
</Site>
